#
# A fatal error has been detected by the Java Runtime Environment:
#
#  EXCEPTION_ACCESS_VIOLATION (0xc0000005) at pc=0x00007ffb47143ebe, pid=7128, tid=10612
#
# JRE version: Java(TM) SE Runtime Environment (12.0.1+12) (build 12.0.1+12)
# Java VM: Java HotSpot(TM) 64-Bit Server VM (12.0.1+12, mixed mode, sharing, tiered, compressed oops, g1 gc, windows-amd64)
# Problematic frame:
# V  [jvm.dll+0x5f3ebe]
#
# No core dump will be written. Minidumps are not enabled by default on client versions of Windows
#
# If you would like to submit a bug report, please visit:
#   http://bugreport.java.com/bugreport/crash.jsp
#

---------------  S U M M A R Y ------------

Command Line: -agentlib:jdwp=transport=dt_socket,suspend=y,address=localhost:50893 -javaagent:C:\Users\Bhola Shankar\eclipse\jee-2019-06\eclipse\configuration\org.eclipse.osgi\411\0\.cp\lib\javaagent-shaded.jar -Dfile.encoding=UTF-8 patternclass

Host: Intel(R) Core(TM) i7-8550U CPU @ 1.80GHz, 8 cores, 11G,  Windows 10 , 64 bit Build 18362 (10.0.18362.329)
Time: Wed Nov 13 13:05:57 2019 India Standard Time elapsed time: 159 seconds (0d 0h 2m 39s)

---------------  T H R E A D  ---------------

Current thread (0x0000021fa7b34000):  VMThread "VM Thread" [stack: 0x000000522b300000,0x000000522b400000] [id=10612]

Stack: [0x000000522b300000,0x000000522b400000],  sp=0x000000522b3ff170,  free space=1020k
Native frames: (J=compiled Java code, j=interpreted, Vv=VM code, C=native code)
V  [jvm.dll+0x5f3ebe]
V  [jvm.dll+0x5092a1]
V  [jvm.dll+0x1ebe0b]
V  [jvm.dll+0x1edc4e]
V  [jvm.dll+0x5093b3]
V  [jvm.dll+0x78dccc]
V  [jvm.dll+0x791b27]
V  [jvm.dll+0x792366]
V  [jvm.dll+0x792697]
V  [jvm.dll+0x748648]
V  [jvm.dll+0x638566]
C  [ucrtbase.dll+0x20e72]
C  [KERNEL32.DLL+0x17bd4]
C  [ntdll.dll+0x6ced1]


siginfo: EXCEPTION_ACCESS_VIOLATION (0xc0000005), reading address 0x0000000000000134


Register to memory mapping:

RIP=0x00007ffb47143ebe jvm.dll
RAX=0x0000021fa71b29b0 points into unknown readable memory: 00 00 00 00 00 00 00 00
RBX=0x0000021fa7779eb0 is pointing into metadata
RCX=0x0000000000000008 is an unknown value
RDX=0x0000000000000003 is an unknown value
RSP=0x000000522b3ff170 points into unknown readable memory: a8 64 41 47 fb 7f 00 00
RBP=0x000000522b3ff378 points into unknown readable memory: 30 4b 41 47 fb 7f 00 00
RSI=0x0000000000000004 is an unknown value
RDI=0x0000000000000001 is an unknown value
R8 =0x0000021fa7320e30 points into unknown readable memory: 02 00 00 00 00 00 00 00
R9 =0x00007ffbb2d20000 ucrtbase.dll
R10=0x000000522b3fee77 points into unknown readable memory: 00
R11=0x0000021f83fed0c1 points into unknown readable memory: 33 00 00 00 00 00 00
R12=0x00007ffb473a31c0 jvm.dll
R13=0x00007ffb476277b0 jvm.dll
R14=0x0 is NULL
R15=0x00000000000003d8 is an unknown value


Registers:
RAX=0x0000021fa71b29b0, RBX=0x0000021fa7779eb0, RCX=0x0000000000000008, RDX=0x0000000000000003
RSP=0x000000522b3ff170, RBP=0x000000522b3ff378, RSI=0x0000000000000004, RDI=0x0000000000000001
R8 =0x0000021fa7320e30, R9 =0x00007ffbb2d20000, R10=0x000000522b3fee77, R11=0x0000021f83fed0c1
R12=0x00007ffb473a31c0, R13=0x00007ffb476277b0, R14=0x0000000000000000, R15=0x00000000000003d8
RIP=0x00007ffb47143ebe, EFLAGS=0x0000000000010202

Top of Stack: (sp=0x000000522b3ff170)
0x000000522b3ff170:   00007ffb474164a8 00007ffb4706807f
0x000000522b3ff180:   000000522b3ff1e0 00007ffb47059f16
0x000000522b3ff190:   00000000000003d8 0000000000000000
0x000000522b3ff1a0:   00007ffb476277b0 00007ffb473a31c0
0x000000522b3ff1b0:   000000522b3ff378 00007ffb470592a1
0x000000522b3ff1c0:   0000000000000003 00007ffb4705b9f2
0x000000522b3ff1d0:   000000074d57aaf0 00007ffb474164a8
0x000000522b3ff1e0:   000000522b3ff378 00007ffb46d3be0b
0x000000522b3ff1f0:   000000080120af98 000000074cf91bc0
0x000000522b3ff200:   0000021fa87ba880 00007ffb47414b20
0x000000522b3ff210:   0000021fa7320e30 00007ffb46d3dc4e
0x000000522b3ff220:   0000021fa7ca89d0 000000080120ad88
0x000000522b3ff230:   0000000000000000 0000000000000000
0x000000522b3ff240:   0000021fa7ca8570 0000021fa7b34000
0x000000522b3ff250:   0000021fa7320e30 0000021fa7b34530
0x000000522b3ff260:   0000021fa7b34540 0000021fa7b34618 

Instructions: (pc=0x00007ffb47143ebe)
0x00007ffb47143e9e:   8b 15 f0 8f 4e 00 65 48 8b 04 25 58 00 00 00 48
0x00007ffb47143eae:   89 74 24 60 48 8b f1 b9 08 00 00 00 48 8b 04 d0
0x00007ffb47143ebe:   83 be 30 01 00 00 00 48 8b 14 08 48 8b aa 68 02
0x00007ffb47143ece:   00 00 4c 8b 75 10 4c 8b 7d 18 4c 8b 65 20 4c 8b 


Stack slot to memory mapping:
stack at sp + 0 slots: 0x00007ffb474164a8 jvm.dll
stack at sp + 1 slots: 0x00007ffb4706807f jvm.dll
stack at sp + 2 slots: 0x000000522b3ff1e0 points into unknown readable memory: 78 f3 3f 2b 52 00 00 00
stack at sp + 3 slots: 0x00007ffb47059f16 jvm.dll
stack at sp + 4 slots: 0x00000000000003d8 is an unknown value
stack at sp + 5 slots: 0x0 is NULL
stack at sp + 6 slots: 0x00007ffb476277b0 jvm.dll
stack at sp + 7 slots: 0x00007ffb473a31c0 jvm.dll

VM_Operation (0x000000522bdff190): RedefineClasses, mode: safepoint, requested by thread 0x0000021fa7dc1800, redefining class patternclass



---------------  P R O C E S S  ---------------

Threads class SMR info:
_java_thread_list=0x0000021fa86728a0, length=13, elements={
0x0000021f83ff3800, 0x0000021fa7b35000, 0x0000021fa7b37000, 0x0000021fa7b52000,
0x0000021fa7b53000, 0x0000021fa7b55800, 0x0000021fa7b7c000, 0x0000021fa7b7e800,
0x0000021fa731d800, 0x0000021fa7dc1800, 0x0000021fa7d2e000, 0x0000021fa7d2f000,
0x0000021fa867b800
}

Java Threads: ( => current thread )
  0x0000021f83ff3800 JavaThread "main" [_thread_blocked, id=20980, stack(0x000000522ad00000,0x000000522ae00000)]
  0x0000021fa7b35000 JavaThread "Reference Handler" daemon [_thread_blocked, id=16060, stack(0x000000522b400000,0x000000522b500000)]
  0x0000021fa7b37000 JavaThread "Finalizer" daemon [_thread_blocked, id=21048, stack(0x000000522b500000,0x000000522b600000)]
  0x0000021fa7b52000 JavaThread "Signal Dispatcher" daemon [_thread_blocked, id=17564, stack(0x000000522b600000,0x000000522b700000)]
  0x0000021fa7b53000 JavaThread "Attach Listener" daemon [_thread_blocked, id=19752, stack(0x000000522b700000,0x000000522b800000)]
  0x0000021fa7b55800 JavaThread "C2 CompilerThread0" daemon [_thread_blocked, id=6204, stack(0x000000522b800000,0x000000522b900000)]
  0x0000021fa7b7c000 JavaThread "C1 CompilerThread0" daemon [_thread_blocked, id=18780, stack(0x000000522b900000,0x000000522ba00000)]
  0x0000021fa7b7e800 JavaThread "Sweeper thread" daemon [_thread_blocked, id=9776, stack(0x000000522ba00000,0x000000522bb00000)]
  0x0000021fa731d800 JavaThread "Common-Cleaner" daemon [_thread_blocked, id=17328, stack(0x000000522bb00000,0x000000522bc00000)]
  0x0000021fa7dc1800 JavaThread "JDWP Transport Listener: dt_socket" daemon [_thread_blocked, id=12120, stack(0x000000522bd00000,0x000000522be00000)]
  0x0000021fa7d2e000 JavaThread "JDWP Event Helper Thread" daemon [_thread_blocked, id=7260, stack(0x000000522be00000,0x000000522bf00000)]
  0x0000021fa7d2f000 JavaThread "JDWP Command Reader" daemon [_thread_in_native, id=8364, stack(0x000000522bf00000,0x000000522c000000)]
  0x0000021fa867b800 JavaThread "Service Thread" daemon [_thread_blocked, id=10428, stack(0x000000522c000000,0x000000522c100000)]

Other Threads:
=>0x0000021fa7b34000 VMThread "VM Thread" [stack: 0x000000522b300000,0x000000522b400000] [id=10612]
  0x0000021fa7f2d800 WatcherThread [stack: 0x000000522c100000,0x000000522c200000] [id=20300]
  0x0000021f84045800 GCTaskThread "GC Thread#0" [stack: 0x000000522ae00000,0x000000522af00000] [id=15136]
  0x0000021f8405b000 ConcurrentGCThread "G1 Main Marker" [stack: 0x000000522af00000,0x000000522b000000] [id=21496]
  0x0000021f8405e000 ConcurrentGCThread "G1 Conc#0" [stack: 0x000000522b000000,0x000000522b100000] [id=18052]
  0x0000021fa71a9800 ConcurrentGCThread "G1 Refine#0" [stack: 0x000000522b100000,0x000000522b200000] [id=18356]
  0x0000021fa71aa800 ConcurrentGCThread "G1 Young RemSet Sampling" [stack: 0x000000522b200000,0x000000522b300000] [id=11036]

Threads with active compile tasks:
C1 CompilerThread0   493       3       org.eclipse.jdt.launching.internal.org.objectweb.asm.ClassReader::readUTF8 (23 bytes)

VM state:at safepoint (normal execution)

VM Mutex/Monitor currently owned by a thread:  ([mutex/lock_event])
[0x0000021f83feeda0] Threads_lock - owner thread: 0x0000021fa7b34000

Heap address: 0x0000000741600000, size: 3050 MB, Compressed Oops mode: Zero based, Oop shift amount: 3
Narrow klass base: 0x0000000800000000, Narrow klass shift: 3
Compressed class space size: 1073741824 Address: 0x00000008011a0000

Heap:
 garbage-first heap   total 196608K, used 9216K [0x0000000741600000, 0x0000000800000000)
  region size 1024K, 10 young (10240K), 0 survivors (0K)
 Metaspace       used 2679K, capacity 4845K, committed 5120K, reserved 1056768K
  class space    used 244K, capacity 443K, committed 512K, reserved 1048576K
Heap Regions: E=young(eden), S=young(survivor), O=old, HS=humongous(starts), HC=humongous(continues), CS=collection set, F=free, A=archive, TAMS=top-at-mark-start (previous, next)
|   0|0x0000000741600000, 0x0000000741700000, 0x0000000741700000|100%|HS|  |TAMS 0x0000000741600000, 0x0000000741600000| Complete 
|   1|0x0000000741700000, 0x0000000741700000, 0x0000000741800000|  0%| F|  |TAMS 0x0000000741700000, 0x0000000741700000| Untracked 
|   2|0x0000000741800000, 0x0000000741800000, 0x0000000741900000|  0%| F|  |TAMS 0x0000000741800000, 0x0000000741800000| Untracked 
|   3|0x0000000741900000, 0x0000000741900000, 0x0000000741a00000|  0%| F|  |TAMS 0x0000000741900000, 0x0000000741900000| Untracked 
|   4|0x0000000741a00000, 0x0000000741a00000, 0x0000000741b00000|  0%| F|  |TAMS 0x0000000741a00000, 0x0000000741a00000| Untracked 
|   5|0x0000000741b00000, 0x0000000741b00000, 0x0000000741c00000|  0%| F|  |TAMS 0x0000000741b00000, 0x0000000741b00000| Untracked 
|   6|0x0000000741c00000, 0x0000000741c00000, 0x0000000741d00000|  0%| F|  |TAMS 0x0000000741c00000, 0x0000000741c00000| Untracked 
|   7|0x0000000741d00000, 0x0000000741d00000, 0x0000000741e00000|  0%| F|  |TAMS 0x0000000741d00000, 0x0000000741d00000| Untracked 
|   8|0x0000000741e00000, 0x0000000741e00000, 0x0000000741f00000|  0%| F|  |TAMS 0x0000000741e00000, 0x0000000741e00000| Untracked 
|   9|0x0000000741f00000, 0x0000000741f00000, 0x0000000742000000|  0%| F|  |TAMS 0x0000000741f00000, 0x0000000741f00000| Untracked 
|  10|0x0000000742000000, 0x0000000742000000, 0x0000000742100000|  0%| F|  |TAMS 0x0000000742000000, 0x0000000742000000| Untracked 
|  11|0x0000000742100000, 0x0000000742100000, 0x0000000742200000|  0%| F|  |TAMS 0x0000000742100000, 0x0000000742100000| Untracked 
|  12|0x0000000742200000, 0x0000000742200000, 0x0000000742300000|  0%| F|  |TAMS 0x0000000742200000, 0x0000000742200000| Untracked 
|  13|0x0000000742300000, 0x0000000742300000, 0x0000000742400000|  0%| F|  |TAMS 0x0000000742300000, 0x0000000742300000| Untracked 
|  14|0x0000000742400000, 0x0000000742400000, 0x0000000742500000|  0%| F|  |TAMS 0x0000000742400000, 0x0000000742400000| Untracked 
|  15|0x0000000742500000, 0x0000000742500000, 0x0000000742600000|  0%| F|  |TAMS 0x0000000742500000, 0x0000000742500000| Untracked 
|  16|0x0000000742600000, 0x0000000742600000, 0x0000000742700000|  0%| F|  |TAMS 0x0000000742600000, 0x0000000742600000| Untracked 
|  17|0x0000000742700000, 0x0000000742700000, 0x0000000742800000|  0%| F|  |TAMS 0x0000000742700000, 0x0000000742700000| Untracked 
|  18|0x0000000742800000, 0x0000000742800000, 0x0000000742900000|  0%| F|  |TAMS 0x0000000742800000, 0x0000000742800000| Untracked 
|  19|0x0000000742900000, 0x0000000742900000, 0x0000000742a00000|  0%| F|  |TAMS 0x0000000742900000, 0x0000000742900000| Untracked 
|  20|0x0000000742a00000, 0x0000000742a00000, 0x0000000742b00000|  0%| F|  |TAMS 0x0000000742a00000, 0x0000000742a00000| Untracked 
|  21|0x0000000742b00000, 0x0000000742b00000, 0x0000000742c00000|  0%| F|  |TAMS 0x0000000742b00000, 0x0000000742b00000| Untracked 
|  22|0x0000000742c00000, 0x0000000742c00000, 0x0000000742d00000|  0%| F|  |TAMS 0x0000000742c00000, 0x0000000742c00000| Untracked 
|  23|0x0000000742d00000, 0x0000000742d00000, 0x0000000742e00000|  0%| F|  |TAMS 0x0000000742d00000, 0x0000000742d00000| Untracked 
|  24|0x0000000742e00000, 0x0000000742e00000, 0x0000000742f00000|  0%| F|  |TAMS 0x0000000742e00000, 0x0000000742e00000| Untracked 
|  25|0x0000000742f00000, 0x0000000742f00000, 0x0000000743000000|  0%| F|  |TAMS 0x0000000742f00000, 0x0000000742f00000| Untracked 
|  26|0x0000000743000000, 0x0000000743000000, 0x0000000743100000|  0%| F|  |TAMS 0x0000000743000000, 0x0000000743000000| Untracked 
|  27|0x0000000743100000, 0x0000000743100000, 0x0000000743200000|  0%| F|  |TAMS 0x0000000743100000, 0x0000000743100000| Untracked 
|  28|0x0000000743200000, 0x0000000743200000, 0x0000000743300000|  0%| F|  |TAMS 0x0000000743200000, 0x0000000743200000| Untracked 
|  29|0x0000000743300000, 0x0000000743300000, 0x0000000743400000|  0%| F|  |TAMS 0x0000000743300000, 0x0000000743300000| Untracked 
|  30|0x0000000743400000, 0x0000000743400000, 0x0000000743500000|  0%| F|  |TAMS 0x0000000743400000, 0x0000000743400000| Untracked 
|  31|0x0000000743500000, 0x0000000743500000, 0x0000000743600000|  0%| F|  |TAMS 0x0000000743500000, 0x0000000743500000| Untracked 
|  32|0x0000000743600000, 0x0000000743600000, 0x0000000743700000|  0%| F|  |TAMS 0x0000000743600000, 0x0000000743600000| Untracked 
|  33|0x0000000743700000, 0x0000000743700000, 0x0000000743800000|  0%| F|  |TAMS 0x0000000743700000, 0x0000000743700000| Untracked 
|  34|0x0000000743800000, 0x0000000743800000, 0x0000000743900000|  0%| F|  |TAMS 0x0000000743800000, 0x0000000743800000| Untracked 
|  35|0x0000000743900000, 0x0000000743900000, 0x0000000743a00000|  0%| F|  |TAMS 0x0000000743900000, 0x0000000743900000| Untracked 
|  36|0x0000000743a00000, 0x0000000743a00000, 0x0000000743b00000|  0%| F|  |TAMS 0x0000000743a00000, 0x0000000743a00000| Untracked 
|  37|0x0000000743b00000, 0x0000000743b00000, 0x0000000743c00000|  0%| F|  |TAMS 0x0000000743b00000, 0x0000000743b00000| Untracked 
|  38|0x0000000743c00000, 0x0000000743c00000, 0x0000000743d00000|  0%| F|  |TAMS 0x0000000743c00000, 0x0000000743c00000| Untracked 
|  39|0x0000000743d00000, 0x0000000743d00000, 0x0000000743e00000|  0%| F|  |TAMS 0x0000000743d00000, 0x0000000743d00000| Untracked 
|  40|0x0000000743e00000, 0x0000000743e00000, 0x0000000743f00000|  0%| F|  |TAMS 0x0000000743e00000, 0x0000000743e00000| Untracked 
|  41|0x0000000743f00000, 0x0000000743f00000, 0x0000000744000000|  0%| F|  |TAMS 0x0000000743f00000, 0x0000000743f00000| Untracked 
|  42|0x0000000744000000, 0x0000000744000000, 0x0000000744100000|  0%| F|  |TAMS 0x0000000744000000, 0x0000000744000000| Untracked 
|  43|0x0000000744100000, 0x0000000744100000, 0x0000000744200000|  0%| F|  |TAMS 0x0000000744100000, 0x0000000744100000| Untracked 
|  44|0x0000000744200000, 0x0000000744200000, 0x0000000744300000|  0%| F|  |TAMS 0x0000000744200000, 0x0000000744200000| Untracked 
|  45|0x0000000744300000, 0x0000000744300000, 0x0000000744400000|  0%| F|  |TAMS 0x0000000744300000, 0x0000000744300000| Untracked 
|  46|0x0000000744400000, 0x0000000744400000, 0x0000000744500000|  0%| F|  |TAMS 0x0000000744400000, 0x0000000744400000| Untracked 
|  47|0x0000000744500000, 0x0000000744500000, 0x0000000744600000|  0%| F|  |TAMS 0x0000000744500000, 0x0000000744500000| Untracked 
|  48|0x0000000744600000, 0x0000000744600000, 0x0000000744700000|  0%| F|  |TAMS 0x0000000744600000, 0x0000000744600000| Untracked 
|  49|0x0000000744700000, 0x0000000744700000, 0x0000000744800000|  0%| F|  |TAMS 0x0000000744700000, 0x0000000744700000| Untracked 
|  50|0x0000000744800000, 0x0000000744800000, 0x0000000744900000|  0%| F|  |TAMS 0x0000000744800000, 0x0000000744800000| Untracked 
|  51|0x0000000744900000, 0x0000000744900000, 0x0000000744a00000|  0%| F|  |TAMS 0x0000000744900000, 0x0000000744900000| Untracked 
|  52|0x0000000744a00000, 0x0000000744a00000, 0x0000000744b00000|  0%| F|  |TAMS 0x0000000744a00000, 0x0000000744a00000| Untracked 
|  53|0x0000000744b00000, 0x0000000744b00000, 0x0000000744c00000|  0%| F|  |TAMS 0x0000000744b00000, 0x0000000744b00000| Untracked 
|  54|0x0000000744c00000, 0x0000000744c00000, 0x0000000744d00000|  0%| F|  |TAMS 0x0000000744c00000, 0x0000000744c00000| Untracked 
|  55|0x0000000744d00000, 0x0000000744d00000, 0x0000000744e00000|  0%| F|  |TAMS 0x0000000744d00000, 0x0000000744d00000| Untracked 
|  56|0x0000000744e00000, 0x0000000744e00000, 0x0000000744f00000|  0%| F|  |TAMS 0x0000000744e00000, 0x0000000744e00000| Untracked 
|  57|0x0000000744f00000, 0x0000000744f00000, 0x0000000745000000|  0%| F|  |TAMS 0x0000000744f00000, 0x0000000744f00000| Untracked 
|  58|0x0000000745000000, 0x0000000745000000, 0x0000000745100000|  0%| F|  |TAMS 0x0000000745000000, 0x0000000745000000| Untracked 
|  59|0x0000000745100000, 0x0000000745100000, 0x0000000745200000|  0%| F|  |TAMS 0x0000000745100000, 0x0000000745100000| Untracked 
|  60|0x0000000745200000, 0x0000000745200000, 0x0000000745300000|  0%| F|  |TAMS 0x0000000745200000, 0x0000000745200000| Untracked 
|  61|0x0000000745300000, 0x0000000745300000, 0x0000000745400000|  0%| F|  |TAMS 0x0000000745300000, 0x0000000745300000| Untracked 
|  62|0x0000000745400000, 0x0000000745400000, 0x0000000745500000|  0%| F|  |TAMS 0x0000000745400000, 0x0000000745400000| Untracked 
|  63|0x0000000745500000, 0x0000000745500000, 0x0000000745600000|  0%| F|  |TAMS 0x0000000745500000, 0x0000000745500000| Untracked 
|  64|0x0000000745600000, 0x0000000745600000, 0x0000000745700000|  0%| F|  |TAMS 0x0000000745600000, 0x0000000745600000| Untracked 
|  65|0x0000000745700000, 0x0000000745700000, 0x0000000745800000|  0%| F|  |TAMS 0x0000000745700000, 0x0000000745700000| Untracked 
|  66|0x0000000745800000, 0x0000000745800000, 0x0000000745900000|  0%| F|  |TAMS 0x0000000745800000, 0x0000000745800000| Untracked 
|  67|0x0000000745900000, 0x0000000745900000, 0x0000000745a00000|  0%| F|  |TAMS 0x0000000745900000, 0x0000000745900000| Untracked 
|  68|0x0000000745a00000, 0x0000000745a00000, 0x0000000745b00000|  0%| F|  |TAMS 0x0000000745a00000, 0x0000000745a00000| Untracked 
|  69|0x0000000745b00000, 0x0000000745b00000, 0x0000000745c00000|  0%| F|  |TAMS 0x0000000745b00000, 0x0000000745b00000| Untracked 
|  70|0x0000000745c00000, 0x0000000745c00000, 0x0000000745d00000|  0%| F|  |TAMS 0x0000000745c00000, 0x0000000745c00000| Untracked 
|  71|0x0000000745d00000, 0x0000000745d00000, 0x0000000745e00000|  0%| F|  |TAMS 0x0000000745d00000, 0x0000000745d00000| Untracked 
|  72|0x0000000745e00000, 0x0000000745e00000, 0x0000000745f00000|  0%| F|  |TAMS 0x0000000745e00000, 0x0000000745e00000| Untracked 
|  73|0x0000000745f00000, 0x0000000745f00000, 0x0000000746000000|  0%| F|  |TAMS 0x0000000745f00000, 0x0000000745f00000| Untracked 
|  74|0x0000000746000000, 0x0000000746000000, 0x0000000746100000|  0%| F|  |TAMS 0x0000000746000000, 0x0000000746000000| Untracked 
|  75|0x0000000746100000, 0x0000000746100000, 0x0000000746200000|  0%| F|  |TAMS 0x0000000746100000, 0x0000000746100000| Untracked 
|  76|0x0000000746200000, 0x0000000746200000, 0x0000000746300000|  0%| F|  |TAMS 0x0000000746200000, 0x0000000746200000| Untracked 
|  77|0x0000000746300000, 0x0000000746300000, 0x0000000746400000|  0%| F|  |TAMS 0x0000000746300000, 0x0000000746300000| Untracked 
|  78|0x0000000746400000, 0x0000000746400000, 0x0000000746500000|  0%| F|  |TAMS 0x0000000746400000, 0x0000000746400000| Untracked 
|  79|0x0000000746500000, 0x0000000746500000, 0x0000000746600000|  0%| F|  |TAMS 0x0000000746500000, 0x0000000746500000| Untracked 
|  80|0x0000000746600000, 0x0000000746600000, 0x0000000746700000|  0%| F|  |TAMS 0x0000000746600000, 0x0000000746600000| Untracked 
|  81|0x0000000746700000, 0x0000000746700000, 0x0000000746800000|  0%| F|  |TAMS 0x0000000746700000, 0x0000000746700000| Untracked 
|  82|0x0000000746800000, 0x0000000746800000, 0x0000000746900000|  0%| F|  |TAMS 0x0000000746800000, 0x0000000746800000| Untracked 
|  83|0x0000000746900000, 0x0000000746900000, 0x0000000746a00000|  0%| F|  |TAMS 0x0000000746900000, 0x0000000746900000| Untracked 
|  84|0x0000000746a00000, 0x0000000746a00000, 0x0000000746b00000|  0%| F|  |TAMS 0x0000000746a00000, 0x0000000746a00000| Untracked 
|  85|0x0000000746b00000, 0x0000000746b00000, 0x0000000746c00000|  0%| F|  |TAMS 0x0000000746b00000, 0x0000000746b00000| Untracked 
|  86|0x0000000746c00000, 0x0000000746c00000, 0x0000000746d00000|  0%| F|  |TAMS 0x0000000746c00000, 0x0000000746c00000| Untracked 
|  87|0x0000000746d00000, 0x0000000746d00000, 0x0000000746e00000|  0%| F|  |TAMS 0x0000000746d00000, 0x0000000746d00000| Untracked 
|  88|0x0000000746e00000, 0x0000000746e00000, 0x0000000746f00000|  0%| F|  |TAMS 0x0000000746e00000, 0x0000000746e00000| Untracked 
|  89|0x0000000746f00000, 0x0000000746f00000, 0x0000000747000000|  0%| F|  |TAMS 0x0000000746f00000, 0x0000000746f00000| Untracked 
|  90|0x0000000747000000, 0x0000000747000000, 0x0000000747100000|  0%| F|  |TAMS 0x0000000747000000, 0x0000000747000000| Untracked 
|  91|0x0000000747100000, 0x0000000747100000, 0x0000000747200000|  0%| F|  |TAMS 0x0000000747100000, 0x0000000747100000| Untracked 
|  92|0x0000000747200000, 0x0000000747200000, 0x0000000747300000|  0%| F|  |TAMS 0x0000000747200000, 0x0000000747200000| Untracked 
|  93|0x0000000747300000, 0x0000000747300000, 0x0000000747400000|  0%| F|  |TAMS 0x0000000747300000, 0x0000000747300000| Untracked 
|  94|0x0000000747400000, 0x0000000747400000, 0x0000000747500000|  0%| F|  |TAMS 0x0000000747400000, 0x0000000747400000| Untracked 
|  95|0x0000000747500000, 0x0000000747500000, 0x0000000747600000|  0%| F|  |TAMS 0x0000000747500000, 0x0000000747500000| Untracked 
|  96|0x0000000747600000, 0x0000000747600000, 0x0000000747700000|  0%| F|  |TAMS 0x0000000747600000, 0x0000000747600000| Untracked 
|  97|0x0000000747700000, 0x0000000747700000, 0x0000000747800000|  0%| F|  |TAMS 0x0000000747700000, 0x0000000747700000| Untracked 
|  98|0x0000000747800000, 0x0000000747800000, 0x0000000747900000|  0%| F|  |TAMS 0x0000000747800000, 0x0000000747800000| Untracked 
|  99|0x0000000747900000, 0x0000000747900000, 0x0000000747a00000|  0%| F|  |TAMS 0x0000000747900000, 0x0000000747900000| Untracked 
| 100|0x0000000747a00000, 0x0000000747a00000, 0x0000000747b00000|  0%| F|  |TAMS 0x0000000747a00000, 0x0000000747a00000| Untracked 
| 101|0x0000000747b00000, 0x0000000747b00000, 0x0000000747c00000|  0%| F|  |TAMS 0x0000000747b00000, 0x0000000747b00000| Untracked 
| 102|0x0000000747c00000, 0x0000000747c00000, 0x0000000747d00000|  0%| F|  |TAMS 0x0000000747c00000, 0x0000000747c00000| Untracked 
| 103|0x0000000747d00000, 0x0000000747d00000, 0x0000000747e00000|  0%| F|  |TAMS 0x0000000747d00000, 0x0000000747d00000| Untracked 
| 104|0x0000000747e00000, 0x0000000747e00000, 0x0000000747f00000|  0%| F|  |TAMS 0x0000000747e00000, 0x0000000747e00000| Untracked 
| 105|0x0000000747f00000, 0x0000000747f00000, 0x0000000748000000|  0%| F|  |TAMS 0x0000000747f00000, 0x0000000747f00000| Untracked 
| 106|0x0000000748000000, 0x0000000748000000, 0x0000000748100000|  0%| F|  |TAMS 0x0000000748000000, 0x0000000748000000| Untracked 
| 107|0x0000000748100000, 0x0000000748100000, 0x0000000748200000|  0%| F|  |TAMS 0x0000000748100000, 0x0000000748100000| Untracked 
| 108|0x0000000748200000, 0x0000000748200000, 0x0000000748300000|  0%| F|  |TAMS 0x0000000748200000, 0x0000000748200000| Untracked 
| 109|0x0000000748300000, 0x0000000748300000, 0x0000000748400000|  0%| F|  |TAMS 0x0000000748300000, 0x0000000748300000| Untracked 
| 110|0x0000000748400000, 0x0000000748400000, 0x0000000748500000|  0%| F|  |TAMS 0x0000000748400000, 0x0000000748400000| Untracked 
| 111|0x0000000748500000, 0x0000000748500000, 0x0000000748600000|  0%| F|  |TAMS 0x0000000748500000, 0x0000000748500000| Untracked 
| 112|0x0000000748600000, 0x0000000748600000, 0x0000000748700000|  0%| F|  |TAMS 0x0000000748600000, 0x0000000748600000| Untracked 
| 113|0x0000000748700000, 0x0000000748700000, 0x0000000748800000|  0%| F|  |TAMS 0x0000000748700000, 0x0000000748700000| Untracked 
| 114|0x0000000748800000, 0x0000000748800000, 0x0000000748900000|  0%| F|  |TAMS 0x0000000748800000, 0x0000000748800000| Untracked 
| 115|0x0000000748900000, 0x0000000748900000, 0x0000000748a00000|  0%| F|  |TAMS 0x0000000748900000, 0x0000000748900000| Untracked 
| 116|0x0000000748a00000, 0x0000000748a00000, 0x0000000748b00000|  0%| F|  |TAMS 0x0000000748a00000, 0x0000000748a00000| Untracked 
| 117|0x0000000748b00000, 0x0000000748b00000, 0x0000000748c00000|  0%| F|  |TAMS 0x0000000748b00000, 0x0000000748b00000| Untracked 
| 118|0x0000000748c00000, 0x0000000748c00000, 0x0000000748d00000|  0%| F|  |TAMS 0x0000000748c00000, 0x0000000748c00000| Untracked 
| 119|0x0000000748d00000, 0x0000000748d00000, 0x0000000748e00000|  0%| F|  |TAMS 0x0000000748d00000, 0x0000000748d00000| Untracked 
| 120|0x0000000748e00000, 0x0000000748e00000, 0x0000000748f00000|  0%| F|  |TAMS 0x0000000748e00000, 0x0000000748e00000| Untracked 
| 121|0x0000000748f00000, 0x0000000748f00000, 0x0000000749000000|  0%| F|  |TAMS 0x0000000748f00000, 0x0000000748f00000| Untracked 
| 122|0x0000000749000000, 0x0000000749000000, 0x0000000749100000|  0%| F|  |TAMS 0x0000000749000000, 0x0000000749000000| Untracked 
| 123|0x0000000749100000, 0x0000000749100000, 0x0000000749200000|  0%| F|  |TAMS 0x0000000749100000, 0x0000000749100000| Untracked 
| 124|0x0000000749200000, 0x0000000749200000, 0x0000000749300000|  0%| F|  |TAMS 0x0000000749200000, 0x0000000749200000| Untracked 
| 125|0x0000000749300000, 0x0000000749300000, 0x0000000749400000|  0%| F|  |TAMS 0x0000000749300000, 0x0000000749300000| Untracked 
| 126|0x0000000749400000, 0x0000000749400000, 0x0000000749500000|  0%| F|  |TAMS 0x0000000749400000, 0x0000000749400000| Untracked 
| 127|0x0000000749500000, 0x0000000749500000, 0x0000000749600000|  0%| F|  |TAMS 0x0000000749500000, 0x0000000749500000| Untracked 
| 128|0x0000000749600000, 0x0000000749600000, 0x0000000749700000|  0%| F|  |TAMS 0x0000000749600000, 0x0000000749600000| Untracked 
| 129|0x0000000749700000, 0x0000000749700000, 0x0000000749800000|  0%| F|  |TAMS 0x0000000749700000, 0x0000000749700000| Untracked 
| 130|0x0000000749800000, 0x0000000749800000, 0x0000000749900000|  0%| F|  |TAMS 0x0000000749800000, 0x0000000749800000| Untracked 
| 131|0x0000000749900000, 0x0000000749900000, 0x0000000749a00000|  0%| F|  |TAMS 0x0000000749900000, 0x0000000749900000| Untracked 
| 132|0x0000000749a00000, 0x0000000749a00000, 0x0000000749b00000|  0%| F|  |TAMS 0x0000000749a00000, 0x0000000749a00000| Untracked 
| 133|0x0000000749b00000, 0x0000000749b00000, 0x0000000749c00000|  0%| F|  |TAMS 0x0000000749b00000, 0x0000000749b00000| Untracked 
| 134|0x0000000749c00000, 0x0000000749c00000, 0x0000000749d00000|  0%| F|  |TAMS 0x0000000749c00000, 0x0000000749c00000| Untracked 
| 135|0x0000000749d00000, 0x0000000749d00000, 0x0000000749e00000|  0%| F|  |TAMS 0x0000000749d00000, 0x0000000749d00000| Untracked 
| 136|0x0000000749e00000, 0x0000000749e00000, 0x0000000749f00000|  0%| F|  |TAMS 0x0000000749e00000, 0x0000000749e00000| Untracked 
| 137|0x0000000749f00000, 0x0000000749f00000, 0x000000074a000000|  0%| F|  |TAMS 0x0000000749f00000, 0x0000000749f00000| Untracked 
| 138|0x000000074a000000, 0x000000074a000000, 0x000000074a100000|  0%| F|  |TAMS 0x000000074a000000, 0x000000074a000000| Untracked 
| 139|0x000000074a100000, 0x000000074a100000, 0x000000074a200000|  0%| F|  |TAMS 0x000000074a100000, 0x000000074a100000| Untracked 
| 140|0x000000074a200000, 0x000000074a200000, 0x000000074a300000|  0%| F|  |TAMS 0x000000074a200000, 0x000000074a200000| Untracked 
| 141|0x000000074a300000, 0x000000074a300000, 0x000000074a400000|  0%| F|  |TAMS 0x000000074a300000, 0x000000074a300000| Untracked 
| 142|0x000000074a400000, 0x000000074a400000, 0x000000074a500000|  0%| F|  |TAMS 0x000000074a400000, 0x000000074a400000| Untracked 
| 143|0x000000074a500000, 0x000000074a500000, 0x000000074a600000|  0%| F|  |TAMS 0x000000074a500000, 0x000000074a500000| Untracked 
| 144|0x000000074a600000, 0x000000074a600000, 0x000000074a700000|  0%| F|  |TAMS 0x000000074a600000, 0x000000074a600000| Untracked 
| 145|0x000000074a700000, 0x000000074a700000, 0x000000074a800000|  0%| F|  |TAMS 0x000000074a700000, 0x000000074a700000| Untracked 
| 146|0x000000074a800000, 0x000000074a800000, 0x000000074a900000|  0%| F|  |TAMS 0x000000074a800000, 0x000000074a800000| Untracked 
| 147|0x000000074a900000, 0x000000074a900000, 0x000000074aa00000|  0%| F|  |TAMS 0x000000074a900000, 0x000000074a900000| Untracked 
| 148|0x000000074aa00000, 0x000000074aa00000, 0x000000074ab00000|  0%| F|  |TAMS 0x000000074aa00000, 0x000000074aa00000| Untracked 
| 149|0x000000074ab00000, 0x000000074ab00000, 0x000000074ac00000|  0%| F|  |TAMS 0x000000074ab00000, 0x000000074ab00000| Untracked 
| 150|0x000000074ac00000, 0x000000074ac00000, 0x000000074ad00000|  0%| F|  |TAMS 0x000000074ac00000, 0x000000074ac00000| Untracked 
| 151|0x000000074ad00000, 0x000000074ad00000, 0x000000074ae00000|  0%| F|  |TAMS 0x000000074ad00000, 0x000000074ad00000| Untracked 
| 152|0x000000074ae00000, 0x000000074ae00000, 0x000000074af00000|  0%| F|  |TAMS 0x000000074ae00000, 0x000000074ae00000| Untracked 
| 153|0x000000074af00000, 0x000000074af00000, 0x000000074b000000|  0%| F|  |TAMS 0x000000074af00000, 0x000000074af00000| Untracked 
| 154|0x000000074b000000, 0x000000074b000000, 0x000000074b100000|  0%| F|  |TAMS 0x000000074b000000, 0x000000074b000000| Untracked 
| 155|0x000000074b100000, 0x000000074b100000, 0x000000074b200000|  0%| F|  |TAMS 0x000000074b100000, 0x000000074b100000| Untracked 
| 156|0x000000074b200000, 0x000000074b200000, 0x000000074b300000|  0%| F|  |TAMS 0x000000074b200000, 0x000000074b200000| Untracked 
| 157|0x000000074b300000, 0x000000074b300000, 0x000000074b400000|  0%| F|  |TAMS 0x000000074b300000, 0x000000074b300000| Untracked 
| 158|0x000000074b400000, 0x000000074b400000, 0x000000074b500000|  0%| F|  |TAMS 0x000000074b400000, 0x000000074b400000| Untracked 
| 159|0x000000074b500000, 0x000000074b500000, 0x000000074b600000|  0%| F|  |TAMS 0x000000074b500000, 0x000000074b500000| Untracked 
| 160|0x000000074b600000, 0x000000074b600000, 0x000000074b700000|  0%| F|  |TAMS 0x000000074b600000, 0x000000074b600000| Untracked 
| 161|0x000000074b700000, 0x000000074b700000, 0x000000074b800000|  0%| F|  |TAMS 0x000000074b700000, 0x000000074b700000| Untracked 
| 162|0x000000074b800000, 0x000000074b800000, 0x000000074b900000|  0%| F|  |TAMS 0x000000074b800000, 0x000000074b800000| Untracked 
| 163|0x000000074b900000, 0x000000074b900000, 0x000000074ba00000|  0%| F|  |TAMS 0x000000074b900000, 0x000000074b900000| Untracked 
| 164|0x000000074ba00000, 0x000000074ba00000, 0x000000074bb00000|  0%| F|  |TAMS 0x000000074ba00000, 0x000000074ba00000| Untracked 
| 165|0x000000074bb00000, 0x000000074bb00000, 0x000000074bc00000|  0%| F|  |TAMS 0x000000074bb00000, 0x000000074bb00000| Untracked 
| 166|0x000000074bc00000, 0x000000074bc00000, 0x000000074bd00000|  0%| F|  |TAMS 0x000000074bc00000, 0x000000074bc00000| Untracked 
| 167|0x000000074bd00000, 0x000000074bd00000, 0x000000074be00000|  0%| F|  |TAMS 0x000000074bd00000, 0x000000074bd00000| Untracked 
| 168|0x000000074be00000, 0x000000074be00000, 0x000000074bf00000|  0%| F|  |TAMS 0x000000074be00000, 0x000000074be00000| Untracked 
| 169|0x000000074bf00000, 0x000000074bf00000, 0x000000074c000000|  0%| F|  |TAMS 0x000000074bf00000, 0x000000074bf00000| Untracked 
| 170|0x000000074c000000, 0x000000074c000000, 0x000000074c100000|  0%| F|  |TAMS 0x000000074c000000, 0x000000074c000000| Untracked 
| 171|0x000000074c100000, 0x000000074c100000, 0x000000074c200000|  0%| F|  |TAMS 0x000000074c100000, 0x000000074c100000| Untracked 
| 172|0x000000074c200000, 0x000000074c200000, 0x000000074c300000|  0%| F|  |TAMS 0x000000074c200000, 0x000000074c200000| Untracked 
| 173|0x000000074c300000, 0x000000074c300000, 0x000000074c400000|  0%| F|  |TAMS 0x000000074c300000, 0x000000074c300000| Untracked 
| 174|0x000000074c400000, 0x000000074c400000, 0x000000074c500000|  0%| F|  |TAMS 0x000000074c400000, 0x000000074c400000| Untracked 
| 175|0x000000074c500000, 0x000000074c500000, 0x000000074c600000|  0%| F|  |TAMS 0x000000074c500000, 0x000000074c500000| Untracked 
| 176|0x000000074c600000, 0x000000074c600000, 0x000000074c700000|  0%| F|  |TAMS 0x000000074c600000, 0x000000074c600000| Untracked 
| 177|0x000000074c700000, 0x000000074c700000, 0x000000074c800000|  0%| F|  |TAMS 0x000000074c700000, 0x000000074c700000| Untracked 
| 178|0x000000074c800000, 0x000000074c800000, 0x000000074c900000|  0%| F|  |TAMS 0x000000074c800000, 0x000000074c800000| Untracked 
| 179|0x000000074c900000, 0x000000074c900000, 0x000000074ca00000|  0%| F|  |TAMS 0x000000074c900000, 0x000000074c900000| Untracked 
| 180|0x000000074ca00000, 0x000000074ca00000, 0x000000074cb00000|  0%| F|  |TAMS 0x000000074ca00000, 0x000000074ca00000| Untracked 
| 181|0x000000074cb00000, 0x000000074cb00000, 0x000000074cc00000|  0%| F|  |TAMS 0x000000074cb00000, 0x000000074cb00000| Untracked 
| 182|0x000000074cc00000, 0x000000074cc7b668, 0x000000074cd00000| 48%| E|  |TAMS 0x000000074cc00000, 0x000000074cc00000| Complete 
| 183|0x000000074cd00000, 0x000000074ce00000, 0x000000074ce00000|100%| E|CS|TAMS 0x000000074cd00000, 0x000000074cd00000| Complete 
| 184|0x000000074ce00000, 0x000000074cf00000, 0x000000074cf00000|100%| E|CS|TAMS 0x000000074ce00000, 0x000000074ce00000| Complete 
| 185|0x000000074cf00000, 0x000000074d000000, 0x000000074d000000|100%| E|CS|TAMS 0x000000074cf00000, 0x000000074cf00000| Complete 
| 186|0x000000074d000000, 0x000000074d100000, 0x000000074d100000|100%| E|CS|TAMS 0x000000074d000000, 0x000000074d000000| Complete 
| 187|0x000000074d100000, 0x000000074d200000, 0x000000074d200000|100%| E|  |TAMS 0x000000074d100000, 0x000000074d100000| Complete 
| 188|0x000000074d200000, 0x000000074d300000, 0x000000074d300000|100%| E|CS|TAMS 0x000000074d200000, 0x000000074d200000| Complete 
| 189|0x000000074d300000, 0x000000074d400000, 0x000000074d400000|100%| E|CS|TAMS 0x000000074d300000, 0x000000074d300000| Complete 
| 190|0x000000074d400000, 0x000000074d500000, 0x000000074d500000|100%| E|CS|TAMS 0x000000074d400000, 0x000000074d400000| Complete 
| 191|0x000000074d500000, 0x000000074d600000, 0x000000074d600000|100%| E|CS|TAMS 0x000000074d500000, 0x000000074d500000| Complete 

Card table byte_map: [0x0000021f9dc70000,0x0000021f9e270000] _byte_map_base: 0x0000021f9a265000

Marking Bits (Prev, Next): (CMBitMap*) 0x0000021f84047518, (CMBitMap*) 0x0000021f84047558
 Prev Bits: [0x0000021f9e870000, 0x0000021fa1818000)
 Next Bits: [0x0000021fa1820000, 0x0000021fa47c8000)

Polling page: 0x0000021f840c0000

Metaspace:

Usage:
  Non-class:      4.30 MB capacity,     2.38 MB ( 55%) used,     1.92 MB ( 45%) free+waste,     2.69 KB ( <1%) overhead. 
      Class:    443.00 KB capacity,   244.57 KB ( 55%) used,   196.87 KB ( 44%) free+waste,     1.56 KB ( <1%) overhead. 
       Both:      4.73 MB capacity,     2.62 MB ( 55%) used,     2.11 MB ( 45%) free+waste,     4.25 KB ( <1%) overhead. 

Virtual space:
  Non-class space:        8.00 MB reserved,       4.50 MB ( 56%) committed 
      Class space:        1.00 GB reserved,     512.00 KB ( <1%) committed 
             Both:        1.01 GB reserved,       5.00 MB ( <1%) committed 

Chunk freelists:
   Non-Class:  1.75 KB
       Class:  640 bytes
        Both:  2.38 KB

CodeHeap 'non-profiled nmethods': size=120000Kb used=166Kb max_used=166Kb free=119834Kb
 bounds [0x0000021f956c0000, 0x0000021f95930000, 0x0000021f9cbf0000]
CodeHeap 'profiled nmethods': size=120000Kb used=713Kb max_used=713Kb free=119286Kb
 bounds [0x0000021f8e190000, 0x0000021f8e400000, 0x0000021f956c0000]
CodeHeap 'non-nmethods': size=5760Kb used=1158Kb max_used=1178Kb free=4602Kb
 bounds [0x0000021f8dbf0000, 0x0000021f8de60000, 0x0000021f8e190000]
 total_blobs=996 nmethods=491 adapters=272
 compilation: enabled
              stopped_count=0, restarted_count=0
 full_count=0

Compilation events (10 events):
Event: 40.866 Thread 0x0000021fa7b7c000 nmethod 488 0x0000021f8e240d10 code [0x0000021f8e240ee0, 0x0000021f8e241160]
Event: 40.866 Thread 0x0000021fa7b7c000  489       3       java.lang.String::rangeCheck (9 bytes)
Event: 40.866 Thread 0x0000021fa7b7c000 nmethod 489 0x0000021f8e241290 code [0x0000021f8e241460, 0x0000021f8e2415f0]
Event: 40.866 Thread 0x0000021fa7b7c000  490       3       jdk.internal.misc.VM::isModuleSystemInited (13 bytes)
Event: 40.866 Thread 0x0000021fa7b7c000 nmethod 490 0x0000021f8e241710 code [0x0000021f8e2418e0, 0x0000021f8e241ad8]
Event: 159.175 Thread 0x0000021fa7b7c000  491       3       org.eclipse.jdt.launching.internal.org.objectweb.asm.SymbolTable::get (13 bytes)
Event: 159.175 Thread 0x0000021fa7b7c000 nmethod 491 0x0000021f8e241b90 code [0x0000021f8e241d40, 0x0000021f8e241f18]
Event: 159.175 Thread 0x0000021fa7b7c000  492       3       org.eclipse.jdt.launching.internal.org.objectweb.asm.ByteVector::putShort (52 bytes)
Event: 159.175 Thread 0x0000021fa7b7c000 nmethod 492 0x0000021f8e242010 code [0x0000021f8e2421e0, 0x0000021f8e242470]
Event: 159.175 Thread 0x0000021fa7b7c000  493       3       org.eclipse.jdt.launching.internal.org.objectweb.asm.ClassReader::readUTF8 (23 bytes)

GC Heap History (0 events):
No events

Deoptimization events (4 events):
Event: 0.225 Thread 0x0000021f83ff3800 Uncommon trap: reason=unstable_if action=reinterpret pc=0x0000021f956d2774 method=java.util.zip.ZipFile$Source.isMetaName([BII)Z @ 43 c2
Event: 0.273 Thread 0x0000021f83ff3800 Uncommon trap: reason=class_check action=maybe_recompile pc=0x0000021f956ce7ec method=java.util.HashMap.putVal(ILjava/lang/Object;Ljava/lang/Object;ZZ)Ljava/lang/Object; @ 152 c2
Event: 0.284 Thread 0x0000021f83ff3800 Uncommon trap: reason=unstable_if action=reinterpret pc=0x0000021f956ce8f4 method=java.util.HashMap.putVal(ILjava/lang/Object;Ljava/lang/Object;ZZ)Ljava/lang/Object; @ 181 c2
Event: 0.358 Thread 0x0000021f83ff3800 Uncommon trap: reason=unstable_if action=reinterpret pc=0x0000021f956c162c method=java.lang.String.isLatin1()Z @ 10 c2

Classes redefined (3 events):
Event: 19.851 Thread 0x0000021fa7b34000 redefined class name=patternclass, count=1
Event: 40.869 Thread 0x0000021fa7b34000 redefined class name=patternclass, count=2
Event: 159.177 Thread 0x0000021fa7b34000 redefined class name=patternclass, count=3

Internal exceptions (0 events):
No events

Events (10 events):
Event: 40.875 Executing VM operation: GetFrameCount done
Event: 40.875 Executing VM operation: GetStackTrace
Event: 40.875 Executing VM operation: GetStackTrace done
Event: 40.881 Executing VM operation: GetFrameCount
Event: 40.881 Executing VM operation: GetFrameCount done
Event: 40.881 Executing VM operation: GetOwnedMonitorInfo
Event: 40.881 Executing VM operation: GetOwnedMonitorInfo done
Event: 40.881 Executing VM operation: GetCurrentContendedMonitor
Event: 40.882 Executing VM operation: GetCurrentContendedMonitor done
Event: 159.176 Executing VM operation: RedefineClasses


Dynamic libraries:
0x00007ff606210000 - 0x00007ff60621f000 	C:\Program Files\Java\jdk-12.0.1\bin\javaw.exe
0x00007ffbb53c0000 - 0x00007ffbb55b0000 	C:\WINDOWS\SYSTEM32\ntdll.dll
0x00007ffbb4940000 - 0x00007ffbb49f2000 	C:\WINDOWS\System32\KERNEL32.DLL
0x00007ffbb2ef0000 - 0x00007ffbb3193000 	C:\WINDOWS\System32\KERNELBASE.dll
0x00007ffbb2d20000 - 0x00007ffbb2e1a000 	C:\WINDOWS\System32\ucrtbase.dll
0x00007ffbae000000 - 0x00007ffbae018000 	C:\Program Files\Java\jdk-12.0.1\bin\jli.dll
0x00007ffba0cc0000 - 0x00007ffba0cd6000 	C:\Program Files\Java\jdk-12.0.1\bin\VCRUNTIME140.dll
0x00007ffbb3ac0000 - 0x00007ffbb3b63000 	C:\WINDOWS\System32\ADVAPI32.dll
0x00007ffbb48a0000 - 0x00007ffbb493e000 	C:\WINDOWS\System32\msvcrt.dll
0x00007ffbb3500000 - 0x00007ffbb3597000 	C:\WINDOWS\System32\sechost.dll
0x00007ffbb4d70000 - 0x00007ffbb4e90000 	C:\WINDOWS\System32\RPCRT4.dll
0x00007ffbb4a80000 - 0x00007ffbb4c14000 	C:\WINDOWS\System32\USER32.dll
0x00007ffbb2e20000 - 0x00007ffbb2e41000 	C:\WINDOWS\System32\win32u.dll
0x00007ffbb4870000 - 0x00007ffbb4896000 	C:\WINDOWS\System32\GDI32.dll
0x00007ffbb17a0000 - 0x00007ffbb1a25000 	C:\WINDOWS\WinSxS\amd64_microsoft.windows.common-controls_6595b64144ccf1df_6.0.18362.418_none_e6c6b287130d565d\COMCTL32.dll
0x00007ffbb23b0000 - 0x00007ffbb2544000 	C:\WINDOWS\System32\gdi32full.dll
0x00007ffbb4f70000 - 0x00007ffbb52a6000 	C:\WINDOWS\System32\combase.dll
0x00007ffbb31d0000 - 0x00007ffbb326e000 	C:\WINDOWS\System32\msvcp_win.dll
0x00007ffbb2e70000 - 0x00007ffbb2ef0000 	C:\WINDOWS\System32\bcryptPrimitives.dll
0x00007ffbac7d0000 - 0x00007ffbac7da000 	C:\WINDOWS\SYSTEM32\VERSION.dll
0x00007ffbb3470000 - 0x00007ffbb349e000 	C:\WINDOWS\System32\IMM32.DLL
0x00007ffb995b0000 - 0x00007ffb9965a000 	C:\Program Files\Java\jdk-12.0.1\bin\msvcp140.dll
0x00007ffb46b50000 - 0x00007ffb476c4000 	C:\Program Files\Java\jdk-12.0.1\bin\server\jvm.dll
0x00007ffbb3b70000 - 0x00007ffbb3b78000 	C:\WINDOWS\System32\PSAPI.DLL
0x00007ffbaf820000 - 0x00007ffbaf829000 	C:\WINDOWS\SYSTEM32\WSOCK32.dll
0x00007ffbaf7d0000 - 0x00007ffbaf7f4000 	C:\WINDOWS\SYSTEM32\WINMM.dll
0x00007ffbb4780000 - 0x00007ffbb47ef000 	C:\WINDOWS\System32\WS2_32.dll
0x00007ffbaf720000 - 0x00007ffbaf74d000 	C:\WINDOWS\SYSTEM32\winmmbase.dll
0x00007ffbb2cd0000 - 0x00007ffbb2d1a000 	C:\WINDOWS\System32\cfgmgr32.dll
0x00007ffbb2330000 - 0x00007ffbb2341000 	C:\WINDOWS\System32\kernel.appcore.dll
0x00007ffba1ec0000 - 0x00007ffba1ed1000 	C:\Program Files\Java\jdk-12.0.1\bin\verify.dll
0x00007ffbb1db0000 - 0x00007ffbb1fa4000 	C:\WINDOWS\SYSTEM32\DBGHELP.DLL
0x00007ffbb1b20000 - 0x00007ffbb1b4a000 	C:\WINDOWS\SYSTEM32\dbgcore.DLL
0x00007ffb9dce0000 - 0x00007ffb9dd06000 	C:\Program Files\Java\jdk-12.0.1\bin\java.dll
0x00007ffb9c9b0000 - 0x00007ffb9c9e8000 	C:\Program Files\Java\jdk-12.0.1\bin\jdwp.dll
0x00007ffbadf90000 - 0x00007ffbadf9e000 	C:\Program Files\Java\jdk-12.0.1\bin\instrument.dll
0x00007ffb9cde0000 - 0x00007ffb9cdf7000 	C:\Program Files\Java\jdk-12.0.1\bin\zip.dll
0x00007ffbb1bb0000 - 0x00007ffbb1bba000 	C:\Program Files\Java\jdk-12.0.1\bin\jimage.dll
0x00007ffbb3d30000 - 0x00007ffbb4415000 	C:\WINDOWS\System32\SHELL32.dll
0x00007ffbb3a10000 - 0x00007ffbb3ab9000 	C:\WINDOWS\System32\shcore.dll
0x00007ffbb2550000 - 0x00007ffbb2ccf000 	C:\WINDOWS\System32\windows.storage.dll
0x00007ffbb22c0000 - 0x00007ffbb22df000 	C:\WINDOWS\System32\profapi.dll
0x00007ffbb22e0000 - 0x00007ffbb232a000 	C:\WINDOWS\System32\powrprof.dll
0x00007ffbb2290000 - 0x00007ffbb22a0000 	C:\WINDOWS\System32\UMPDC.dll
0x00007ffbb34a0000 - 0x00007ffbb34f2000 	C:\WINDOWS\System32\shlwapi.dll
0x00007ffbb2e50000 - 0x00007ffbb2e67000 	C:\WINDOWS\System32\cryptsp.dll
0x00007ffbadf50000 - 0x00007ffbadf5a000 	C:\Program Files\Java\jdk-12.0.1\bin\dt_socket.dll
0x00007ffbb1480000 - 0x00007ffbb14e7000 	C:\WINDOWS\System32\mswsock.dll
0x00007ffbb11d0000 - 0x00007ffbb129a000 	C:\WINDOWS\SYSTEM32\DNSAPI.dll
0x00007ffbb4c20000 - 0x00007ffbb4c28000 	C:\WINDOWS\System32\NSI.dll
0x00007ffbb1190000 - 0x00007ffbb11ca000 	C:\WINDOWS\SYSTEM32\IPHLPAPI.DLL
0x00007ffba9a90000 - 0x00007ffba9b07000 	C:\WINDOWS\System32\fwpuclnt.dll
0x00007ffbb31a0000 - 0x00007ffbb31c6000 	C:\WINDOWS\System32\bcrypt.dll
0x00007ffba1ea0000 - 0x00007ffba1eaa000 	C:\Windows\System32\rasadhlp.dll
0x00007ffb9a740000 - 0x00007ffb9a759000 	C:\Program Files\Java\jdk-12.0.1\bin\net.dll
0x00007ffba2650000 - 0x00007ffba2740000 	C:\WINDOWS\SYSTEM32\WINHTTP.dll
0x00007ffba3670000 - 0x00007ffba3846000 	C:\WINDOWS\SYSTEM32\urlmon.dll
0x00007ffba3c80000 - 0x00007ffba3f26000 	C:\WINDOWS\SYSTEM32\iertutil.dll
0x00007ffbb1650000 - 0x00007ffbb165c000 	C:\WINDOWS\SYSTEM32\CRYPTBASE.DLL
0x00007ffb9a720000 - 0x00007ffb9a733000 	C:\Program Files\Java\jdk-12.0.1\bin\nio.dll

dbghelp: loaded successfully - version: 4.0.5 - missing functions: none
symbol engine: initialized successfully - sym options: 0x614 - pdb path: .;C:\Program Files\Java\jdk-12.0.1\bin;C:\WINDOWS\SYSTEM32;C:\WINDOWS\WinSxS\amd64_microsoft.windows.common-controls_6595b64144ccf1df_6.0.18362.418_none_e6c6b287130d565d;C:\Program Files\Java\jdk-12.0.1\bin\server

VM Arguments:
jvm_args: -agentlib:jdwp=transport=dt_socket,suspend=y,address=localhost:50893 -javaagent:C:\Users\Bhola Shankar\eclipse\jee-2019-06\eclipse\configuration\org.eclipse.osgi\411\0\.cp\lib\javaagent-shaded.jar -Dfile.encoding=UTF-8 
java_command: patternclass
java_class_path (initial): C:\Users\Bhola Shankar\eclipse-workspace\Myteam11Web\target\classes;D:\selenium-java-3.141.59\client-combined-3.141.59.jar;D:\selenium-java-3.141.59\client-combined-3.141.59-sources.jar;D:\selenium-java-3.141.59\selenium-server-standalone-3.141.59.jar;D:\selenium-java-3.141.59\libs\byte-buddy-1.8.15.jar;D:\selenium-java-3.141.59\libs\commons-exec-1.3.jar;D:\selenium-java-3.141.59\libs\guava-25.0-jre.jar;D:\selenium-java-3.141.59\libs\okhttp-3.11.0.jar;D:\selenium-java-3.141.59\libs\okio-1.14.0.jar;D:\selenium-java-3.141.59\opencsv-3.2.jar;C:\Users\Bhola Shankar\.p2\pool\plugins\org.testng_7.0.0.r201908191551.jar;C:\Users\Bhola Shankar\.p2\pool\plugins\com.beust.jcommander_1.72.0.jar;C:\Users\Bhola Shankar\.p2\pool\plugins\org.apache-extras.beanshell.bsh_2.0.0.b6.jar;C:\Users\Bhola Shankar\.p2\pool\plugins\org.yaml.snakeyaml_1.21.0.jar;C:\Users\Bhola Shankar\.p2\pool\plugins\org.junit_4.12.0.v201504281640\junit.jar;C:\Users\Bhola Shankar\.p2\pool\plugins\org.hamcrest.core_1.3.0.v20180420-1519.jar;D:\cucumber\junit-4.13-rc-1.jar;D:\cucumber\cobertura-1.9.4.1.jar;D:\cucumber\cucumber-core-1.2.5.jar;D:\cucumber\cucumber-html-0.2.6.jar;D:\cucumber\cucumber-java-1.2.5.jar;D:\cucumber\cucumber-junit-1.2.5.jar;D:\cucumber\cucumber-jvm-deps-1.0.5.jar;D:\cucumber\cucumber-reporting-4.11.2.jar;D:\cucumber\gherkin-2.12.2.jar;D:\cucumber\hamcrest-all-1.3.jar;D:\cucumber\hamcrest-core-2.2.jar;C:\Users\Bhola Shankar\.m2\repository\com\opencsv\opencsv\4.1\opencsv-4.1.jar;C:\Users\Bhola Shankar\.m2\repository\org\apache\commons\commons-lang3\3.6\commons-lang3-3.6.jar;C:\Users\Bhola Shankar\.m2\repository\org\apache\commons\commons-text\1.1\commons-text-1.1.jar;C:\Users\Bhola Shankar\.m2\repository\commons-beanutils\commons-beanutils\1.9.3\commons-beanutils-1.9.3.jar;C:\Users\Bhola Shankar\.m2\repository\commons-logging\commons-logging\1.2\commons-logging-1.2.jar;C:\Users\Bhola Shankar\.m2\repository\org\apiguardian\apiguardian-api\1.1.0\apiguardian-api-1
Launcher Type: SUN_STANDARD

[Global flags]
     intx CICompilerCount                          = 4                                         {product} {ergonomic}
     uint ConcGCThreads                            = 2                                         {product} {ergonomic}
     uint G1ConcRefinementThreads                  = 8                                         {product} {ergonomic}
   size_t G1HeapRegionSize                         = 1048576                                   {product} {ergonomic}
    uintx GCDrainStackTargetSize                   = 64                                        {product} {ergonomic}
   size_t InitialHeapSize                          = 201326592                                 {product} {ergonomic}
   size_t MarkStackSize                            = 4194304                                   {product} {ergonomic}
   size_t MaxHeapSize                              = 3198156800                                {product} {ergonomic}
   size_t MaxNewSize                               = 1918894080                                {product} {ergonomic}
   size_t MinHeapDeltaBytes                        = 1048576                                   {product} {ergonomic}
    uintx NonNMethodCodeHeapSize                   = 5836300                                {pd product} {ergonomic}
    uintx NonProfiledCodeHeapSize                  = 122910970                              {pd product} {ergonomic}
    uintx ProfiledCodeHeapSize                     = 122910970                              {pd product} {ergonomic}
    uintx ReservedCodeCacheSize                    = 251658240                              {pd product} {ergonomic}
     bool SegmentedCodeCache                       = true                                      {product} {ergonomic}
     bool UseCompressedClassPointers               = true                                 {lp64_product} {ergonomic}
     bool UseCompressedOops                        = true                                 {lp64_product} {ergonomic}
     bool UseG1GC                                  = true                                      {product} {ergonomic}
     bool UseLargePagesIndividualAllocation        = false                                  {pd product} {ergonomic}

Logging:
Log output configuration:
 #0: stdout all=warning uptime,level,tags
 #1: stderr all=off uptime,level,tags

Environment Variables:
JAVA_HOME=C:\Program Files (x86)\Java\jdk1.8.0_221\bin;
PATH=C:/Program Files/Java/jdk-12.0.1/bin/server;C:/Program Files/Java/jdk-12.0.1/bin;C:\WINDOWS\system32;C:\WINDOWS;C:\WINDOWS\System32\Wbem;C:\WINDOWS\System32\WindowsPowerShell\v1.0\;C:\WINDOWS\System32\OpenSSH\;C:\Program Files\nodejs\;C:\Program Files (x86)\Microsoft SQL Server\150\DTS\Binn\;C:\Program Files\PuTTY\;C:\Users\Bhola Shankar\AppData\Local\Android\Sdk;C:\Program Files\TortoiseGit\bin;C:\Program Files (x86)\Java\jdk1.8.0_221\bin;C:\Users\Bhola Shankar\AppData\Local\Android\Sdk\platform-tools;C:\Program Files\Git\cmd;C:\Program Files\dotnet\;C:\Program Files (x86)\Windows Kits\10\Windows Performance Toolkit\;C:\Users\Bhola Shankar\AppData\Local\Microsoft\WindowsApps;C:\Users\Bhola Shankar\AppData\Roaming\npm;C:\Users\Bhola Shankar\AppData\Local\Microsoft\WindowsApps;C:\Users\Bhola Shankar\AppData\Local\Android\Sdk;C:\Program Files (x86)\Java\jdk1.8.0_221\bin;C:\Users\Bhola Shankar\AppData\Local\Android\Sdk\platform-tools;C:\Users\Bhola Shankar\AppData\Local\GitHubDesktop\bin;;C:\WINDOWS\system32;
USERNAME=Bhola Shankar
OS=Windows_NT
PROCESSOR_IDENTIFIER=Intel64 Family 6 Model 142 Stepping 10, GenuineIntel



---------------  S Y S T E M  ---------------

OS: Windows 10 , 64 bit Build 18362 (10.0.18362.329)

CPU:total 8 (initial active 8) (4 cores per cpu, 2 threads per core) family 6 model 142 stepping 10, cmov, cx8, fxsr, mmx, sse, sse2, sse3, ssse3, sse4.1, sse4.2, popcnt, avx, avx2, aes, clmul, erms, 3dnowpref, lzcnt, ht, tsc, tscinvbit, bmi1, bmi2, adx, fma

Memory: 4k page, system-wide physical 12197M (2709M free)
TotalPageFile size 20389M (AvailPageFile size 5019M)
current process WorkingSet (physical memory assigned to process): 48M, peak: 51M
current process commit charge ("private bytes"): 293M, peak: 296M

vm_info: Java HotSpot(TM) 64-Bit Server VM (12.0.1+12) for windows-amd64 JRE (12.0.1+12), built on Apr  2 2019 14:02:19 by "mach5one" with MS VC++ 15.5 (VS2017)

END.
